[2026-03-31 08:01:38] USER=system ACTION=CREATE_DEFAULT_ADMIN DETAIL=admin/admin123
[2026-03-31 08:03:55] USER=admin ACTION=LOGIN_SUCCESS DETAIL=Dang nhap thanh cong
[2026-03-31 08:04:14] USER=user1 ACTION=REGISTER_USER DETAIL=Tao user moi
[2026-03-31 08:05:03] USER=admin ACTION=ADD_STUDENT DETAIL=SV001
[2026-03-31 08:05:32] USER=admin ACTION=ADD_STUDENT DETAIL=SV002
[2026-03-31 08:07:05] USER=admin ACTION=LOGIN_SUCCESS DETAIL=Dang nhap thanh cong
[2026-03-31 08:32:05] USER=admin ACTION=LOGIN_SUCCESS DETAIL=Dang nhap thanh cong
[2026-03-31 08:33:58] USER=admin ACTION=DELETE_STUDENT DETAIL=SV001
[2026-03-31 09:17:36] USER=admin ACTION=LOGIN_SUCCESS DETAIL=Dang nhap thanh cong
[2026-03-31 09:18:46] USER=admin ACTION=LOGIN_SUCCESS DETAIL=Dang nhap thanh cong
[2026-03-31 09:19:15] USER=user2 ACTION=REGISTER_USER DETAIL=Tao user moi
[2026-03-31 09:20:17] USER=admin ACTION=ADD_STUDENT DETAIL=SV001
[2026-03-31 09:21:36] USER=user1 ACTION=LOGIN_SUCCESS DETAIL=Dang nhap thanh cong
[2026-03-31 09:53:55] USER=admin ACTION=LOGIN_SUCCESS DETAIL=Dang nhap thanh cong
[2026-04-02 05:44:14] USER=admin ACTION=LOGIN_SUCCESS DETAIL=Dang nhap thanh cong
[2026-04-02 05:44:31] USER=admin ACTION=CHANGE_PASSWORD DETAIL=Doi mat khau thanh cong
[2026-04-02 05:44:56] USER=user1 ACTION=LOGIN_SUCCESS DETAIL=Dang nhap thanh cong
[2026-04-02 05:45:18] USER=admin ACTION=LOGIN_SUCCESS DETAIL=Dang nhap thanh cong
[2026-04-02 05:45:43] USER=user1 ACTION=LOGIN_SUCCESS DETAIL=Dang nhap thanh cong
[2026-04-02 23:51:08] USER=admin ACTION=LOGIN_SUCCESS DETAIL=Dang nhap thanh cong
[2026-04-04 10:52:43] USER=UNKNOWN ACTION=LOGIN_FAIL DETAIL=Thong tin dang nhap rong
[2026-04-04 11:00:38] USER=admin ACTION=LOGIN_FAIL DETAIL=Sai username hoac password
[2026-04-04 11:00:42] USER=admin ACTION=LOGIN_SUCCESS DETAIL=Dang nhap thanh cong
[2026-04-04 11:00:58] USER=admin ACTION=CHANGE_PASSWORD DETAIL=Doi mat khau
[2026-04-04 11:07:46] USER=admin ACTION=LOGIN_FAIL DETAIL=Sai username hoac password
[2026-04-04 11:07:52] USER=admin ACTION=LOGIN_FAIL DETAIL=Sai username hoac password
[2026-04-04 11:07:54] USER=admin ACTION=LOGIN_FAIL DETAIL=Sai username hoac password
[2026-04-04 11:07:59] USER=admin ACTION=LOGIN_FAIL DETAIL=Sai username hoac password
[2026-04-04 11:08:03] USER=admin ACTION=LOGIN_SUCCESS DETAIL=Dang nhap thanh cong
[2026-04-04 11:08:21] USER=admin ACTION=CHANGE_PASSWORD DETAIL=Doi mat khau
[2026-04-04 11:25:12] USER=admin ACTION=LOGIN_FAIL DETAIL=Sai username hoac password
[2026-04-04 11:25:15] USER=admin ACTION=LOGIN_SUCCESS DETAIL=Dang nhap thanh cong
[2026-04-04 11:26:14] USER=admin ACTION=ADD_STUDENT DETAIL=SV003
[2026-04-04 11:26:21] USER=admin ACTION=SORT_STUDENT DETAIL=Theo GPA
[2026-04-04 11:26:22] USER=admin ACTION=SORT_STUDENT DETAIL=Theo ten
[2026-04-04 11:26:24] USER=admin ACTION=SORT_STUDENT DETAIL=Theo GPA
[2026-04-04 11:26:25] USER=admin ACTION=SORT_STUDENT DETAIL=Theo ten
[2026-04-04 11:26:25] USER=admin ACTION=SORT_STUDENT DETAIL=Theo GPA
[2026-04-04 11:26:59] USER=admin ACTION=EDIT_STUDENT DETAIL=SV003
[2026-04-05 00:17:43] USER=admin ACTION=LOGIN_SUCCESS DETAIL=Dang nhap thanh cong
[2026-04-07 08:41:32] USER=admin ACTION=LOGIN_SUCCESS DETAIL=Dang nhap thanh cong
[2026-04-07 08:42:38] USER=admin ACTION=ADD_STUDENT DETAIL=SV004
[2026-04-07 08:43:56] USER=admin ACTION=ADD_STUDENT DETAIL=SV005
[2026-04-07 08:44:01] USER=admin ACTION=SORT_STUDENT DETAIL=Theo GPA
[2026-04-07 08:44:02] USER=admin ACTION=SORT_STUDENT DETAIL=Theo GPA
[2026-04-07 08:44:02] USER=admin ACTION=SORT_STUDENT DETAIL=Theo ten
[2026-04-07 08:44:04] USER=admin ACTION=SORT_STUDENT DETAIL=Theo GPA
[2026-04-07 08:44:04] USER=admin ACTION=SORT_STUDENT DETAIL=Theo ten
[2026-04-07 08:44:05] USER=admin ACTION=SORT_STUDENT DETAIL=Theo GPA
[2026-04-07 08:44:05] USER=admin ACTION=SORT_STUDENT DETAIL=Theo ten
[2026-04-07 08:44:06] USER=admin ACTION=SORT_STUDENT DETAIL=Theo GPA
[2026-04-07 08:44:06] USER=admin ACTION=SORT_STUDENT DETAIL=Theo ten
[2026-04-07 08:57:28] USER=admin ACTION=LOGIN_SUCCESS DETAIL=Dang nhap thanh cong
[2026-04-07 08:58:54] USER=admin ACTION=LOGIN_SUCCESS DETAIL=Dang nhap thanh cong
[2026-04-07 09:00:03] USER=admin ACTION=LOGIN_FAIL DETAIL=Sai username hoac password
[2026-04-07 09:00:07] USER=admin ACTION=LOGIN_SUCCESS DETAIL=Dang nhap thanh cong
[2026-04-07 09:02:57] USER=admin ACTION=LOGIN_SUCCESS DETAIL=Dang nhap thanh cong
[2026-04-07 09:04:01] USER=admin ACTION=LOGIN_SUCCESS DETAIL=Dang nhap thanh cong
[2026-04-07 09:04:40] USER=admin ACTION=ADD_STUDENT DETAIL=SV006
[2026-04-08 12:21:56] USER=admin ACTION=LOGIN_SUCCESS DETAIL=Dang nhap thanh cong
[2026-04-08 12:22:09] USER=admin ACTION=EDIT_STUDENT DETAIL=SV003
[2026-04-08 12:22:17] USER=admin ACTION=DELETE_STUDENT DETAIL=SV006
